2019-01-29 14:33:00,011  INFO [main] LoginPageTest:21 - browserLaunch
2019-01-29 14:33:00,619  INFO [main] LoginPageTest:31 - testCase
2019-01-29 14:35:05,706  INFO [main] LoginPageTest:22 - browserLaunch
2019-01-29 14:59:13,073  INFO [main] LoginPageTest:21 - browserLaunch
2019-01-29 14:59:13,641  INFO [main] LoginPageTest:32 - testCase
2019-01-30 16:13:22,652  INFO [main] LoginPageTest:21 - browserLaunch
2019-01-30 16:13:23,190  INFO [main] LoginPageTest:32 - testCase
2019-01-30 16:13:24,231 DEBUG [main] cache:45 - Couldn't find template in cache for "Extent.ftl"("en_US", UTF-8, parsed); will try to load it.
2019-01-30 16:13:24,232 DEBUG [main] cache:45 - TemplateLoader.findTemplateSource("Extent_en_US.ftl"): Not found
2019-01-30 16:13:24,233 DEBUG [main] cache:45 - TemplateLoader.findTemplateSource("Extent_en.ftl"): Not found
2019-01-30 16:13:24,234 DEBUG [main] cache:45 - TemplateLoader.findTemplateSource("Extent.ftl"): Found
2019-01-30 16:13:24,234 DEBUG [main] cache:45 - Loading template for "Extent.ftl"("en_US", UTF-8, parsed) from "jar:file:/C:/Users/webner/.m2/repository/com/relevantcodes/extentreports/2.41.2/extentreports-2.41.2.jar!/com/relevantcodes/extentreports/view/Extent.ftl"
2019-01-30 16:13:24,554 DEBUG [main] cache:45 - Couldn't find template in cache for "Extent.ftl"("en_US", UTF-8, parsed); will try to load it.
2019-01-30 16:13:24,554 DEBUG [main] cache:45 - TemplateLoader.findTemplateSource("Extent_en_US.ftl"): Not found
2019-01-30 16:13:24,555 DEBUG [main] cache:45 - TemplateLoader.findTemplateSource("Extent_en.ftl"): Not found
2019-01-30 16:13:24,555 DEBUG [main] cache:45 - TemplateLoader.findTemplateSource("Extent.ftl"): Found
2019-01-30 16:13:24,555 DEBUG [main] cache:45 - Loading template for "Extent.ftl"("en_US", UTF-8, parsed) from "jar:file:/C:/Users/webner/.m2/repository/com/relevantcodes/extentreports/2.41.2/extentreports-2.41.2.jar!/com/relevantcodes/extentreports/view/Extent.ftl"
2019-01-30 17:53:33,716  INFO [main] LoginPageTest:21 - browserLaunch
2019-01-30 17:53:34,874 DEBUG [main] cache:45 - Couldn't find template in cache for "Extent.ftl"("en_US", UTF-8, parsed); will try to load it.
2019-01-30 17:53:34,876 DEBUG [main] cache:45 - TemplateLoader.findTemplateSource("Extent_en_US.ftl"): Not found
2019-01-30 17:53:34,878 DEBUG [main] cache:45 - TemplateLoader.findTemplateSource("Extent_en.ftl"): Not found
2019-01-30 17:53:34,880 DEBUG [main] cache:45 - TemplateLoader.findTemplateSource("Extent.ftl"): Found
2019-01-30 17:53:34,881 DEBUG [main] cache:45 - Loading template for "Extent.ftl"("en_US", UTF-8, parsed) from "jar:file:/C:/Users/webner/.m2/repository/com/relevantcodes/extentreports/2.41.2/extentreports-2.41.2.jar!/com/relevantcodes/extentreports/view/Extent.ftl"
2019-01-30 17:53:35,134 DEBUG [main] cache:45 - Couldn't find template in cache for "Extent.ftl"("en_US", UTF-8, parsed); will try to load it.
2019-01-30 17:53:35,134 DEBUG [main] cache:45 - TemplateLoader.findTemplateSource("Extent_en_US.ftl"): Not found
2019-01-30 17:53:35,135 DEBUG [main] cache:45 - TemplateLoader.findTemplateSource("Extent_en.ftl"): Not found
2019-01-30 17:53:35,135 DEBUG [main] cache:45 - TemplateLoader.findTemplateSource("Extent.ftl"): Found
2019-01-30 17:53:35,135 DEBUG [main] cache:45 - Loading template for "Extent.ftl"("en_US", UTF-8, parsed) from "jar:file:/C:/Users/webner/.m2/repository/com/relevantcodes/extentreports/2.41.2/extentreports-2.41.2.jar!/com/relevantcodes/extentreports/view/Extent.ftl"
2019-01-30 17:55:25,862  INFO [main] LoginPageTest:21 - browserLaunch
2019-01-30 17:55:27,817 DEBUG [main] cache:45 - Couldn't find template in cache for "Extent.ftl"("en_US", UTF-8, parsed); will try to load it.
2019-01-30 17:55:27,817 DEBUG [main] cache:45 - TemplateLoader.findTemplateSource("Extent_en_US.ftl"): Not found
2019-01-30 17:55:27,817 DEBUG [main] cache:45 - TemplateLoader.findTemplateSource("Extent_en.ftl"): Not found
2019-01-30 17:55:27,833 DEBUG [main] cache:45 - TemplateLoader.findTemplateSource("Extent.ftl"): Found
2019-01-30 17:55:27,833 DEBUG [main] cache:45 - Loading template for "Extent.ftl"("en_US", UTF-8, parsed) from "jar:file:/C:/Users/webner/.m2/repository/com/relevantcodes/extentreports/2.41.2/extentreports-2.41.2.jar!/com/relevantcodes/extentreports/view/Extent.ftl"
2019-01-30 17:55:28,051 DEBUG [main] cache:45 - Couldn't find template in cache for "Extent.ftl"("en_US", UTF-8, parsed); will try to load it.
2019-01-30 17:55:28,051 DEBUG [main] cache:45 - TemplateLoader.findTemplateSource("Extent_en_US.ftl"): Not found
2019-01-30 17:55:28,051 DEBUG [main] cache:45 - TemplateLoader.findTemplateSource("Extent_en.ftl"): Not found
2019-01-30 17:55:28,051 DEBUG [main] cache:45 - TemplateLoader.findTemplateSource("Extent.ftl"): Found
2019-01-30 17:55:28,051 DEBUG [main] cache:45 - Loading template for "Extent.ftl"("en_US", UTF-8, parsed) from "jar:file:/C:/Users/webner/.m2/repository/com/relevantcodes/extentreports/2.41.2/extentreports-2.41.2.jar!/com/relevantcodes/extentreports/view/Extent.ftl"
2019-01-30 17:56:05,619  INFO [main] LoginPageTest:21 - browserLaunch
2019-01-30 17:56:09,685  INFO [main] LoginPageTest:32 - testCase
2019-01-30 17:56:12,331 DEBUG [main] cache:45 - Couldn't find template in cache for "Extent.ftl"("en_US", UTF-8, parsed); will try to load it.
2019-01-30 17:56:12,331 DEBUG [main] cache:45 - TemplateLoader.findTemplateSource("Extent_en_US.ftl"): Not found
2019-01-30 17:56:12,331 DEBUG [main] cache:45 - TemplateLoader.findTemplateSource("Extent_en.ftl"): Not found
2019-01-30 17:56:12,331 DEBUG [main] cache:45 - TemplateLoader.findTemplateSource("Extent.ftl"): Found
2019-01-30 17:56:12,331 DEBUG [main] cache:45 - Loading template for "Extent.ftl"("en_US", UTF-8, parsed) from "jar:file:/C:/Users/webner/.m2/repository/com/relevantcodes/extentreports/2.41.2/extentreports-2.41.2.jar!/com/relevantcodes/extentreports/view/Extent.ftl"
2019-01-30 17:56:12,549 DEBUG [main] cache:45 - Couldn't find template in cache for "Extent.ftl"("en_US", UTF-8, parsed); will try to load it.
2019-01-30 17:56:12,549 DEBUG [main] cache:45 - TemplateLoader.findTemplateSource("Extent_en_US.ftl"): Not found
2019-01-30 17:56:12,549 DEBUG [main] cache:45 - TemplateLoader.findTemplateSource("Extent_en.ftl"): Not found
2019-01-30 17:56:12,549 DEBUG [main] cache:45 - TemplateLoader.findTemplateSource("Extent.ftl"): Found
2019-01-30 17:56:12,549 DEBUG [main] cache:45 - Loading template for "Extent.ftl"("en_US", UTF-8, parsed) from "jar:file:/C:/Users/webner/.m2/repository/com/relevantcodes/extentreports/2.41.2/extentreports-2.41.2.jar!/com/relevantcodes/extentreports/view/Extent.ftl"
2019-01-30 17:56:43,456  INFO [main] LoginPageTest:21 - browserLaunch
2019-01-30 17:56:49,875 DEBUG [main] cache:45 - Couldn't find template in cache for "Extent.ftl"("en_US", UTF-8, parsed); will try to load it.
2019-01-30 17:56:49,875 DEBUG [main] cache:45 - TemplateLoader.findTemplateSource("Extent_en_US.ftl"): Not found
2019-01-30 17:56:49,875 DEBUG [main] cache:45 - TemplateLoader.findTemplateSource("Extent_en.ftl"): Not found
2019-01-30 17:56:49,875 DEBUG [main] cache:45 - TemplateLoader.findTemplateSource("Extent.ftl"): Found
2019-01-30 17:56:49,875 DEBUG [main] cache:45 - Loading template for "Extent.ftl"("en_US", UTF-8, parsed) from "jar:file:/C:/Users/webner/.m2/repository/com/relevantcodes/extentreports/2.41.2/extentreports-2.41.2.jar!/com/relevantcodes/extentreports/view/Extent.ftl"
2019-01-30 17:56:50,308 DEBUG [main] cache:45 - Couldn't find template in cache for "Extent.ftl"("en_US", UTF-8, parsed); will try to load it.
2019-01-30 17:56:50,308 DEBUG [main] cache:45 - TemplateLoader.findTemplateSource("Extent_en_US.ftl"): Not found
2019-01-30 17:56:50,309 DEBUG [main] cache:45 - TemplateLoader.findTemplateSource("Extent_en.ftl"): Not found
2019-01-30 17:56:50,309 DEBUG [main] cache:45 - TemplateLoader.findTemplateSource("Extent.ftl"): Found
2019-01-30 17:56:50,309 DEBUG [main] cache:45 - Loading template for "Extent.ftl"("en_US", UTF-8, parsed) from "jar:file:/C:/Users/webner/.m2/repository/com/relevantcodes/extentreports/2.41.2/extentreports-2.41.2.jar!/com/relevantcodes/extentreports/view/Extent.ftl"
2019-01-30 17:57:29,625  INFO [main] LoginPageTest:21 - browserLaunch
2019-01-30 17:57:33,608 DEBUG [main] cache:45 - Couldn't find template in cache for "Extent.ftl"("en_US", UTF-8, parsed); will try to load it.
2019-01-30 17:57:33,608 DEBUG [main] cache:45 - TemplateLoader.findTemplateSource("Extent_en_US.ftl"): Not found
2019-01-30 17:57:33,608 DEBUG [main] cache:45 - TemplateLoader.findTemplateSource("Extent_en.ftl"): Not found
2019-01-30 17:57:33,608 DEBUG [main] cache:45 - TemplateLoader.findTemplateSource("Extent.ftl"): Found
2019-01-30 17:57:33,608 DEBUG [main] cache:45 - Loading template for "Extent.ftl"("en_US", UTF-8, parsed) from "jar:file:/C:/Users/webner/.m2/repository/com/relevantcodes/extentreports/2.41.2/extentreports-2.41.2.jar!/com/relevantcodes/extentreports/view/Extent.ftl"
2019-01-30 17:57:33,858 DEBUG [main] cache:45 - Couldn't find template in cache for "Extent.ftl"("en_US", UTF-8, parsed); will try to load it.
2019-01-30 17:57:33,858 DEBUG [main] cache:45 - TemplateLoader.findTemplateSource("Extent_en_US.ftl"): Not found
2019-01-30 17:57:33,858 DEBUG [main] cache:45 - TemplateLoader.findTemplateSource("Extent_en.ftl"): Not found
2019-01-30 17:57:33,858 DEBUG [main] cache:45 - TemplateLoader.findTemplateSource("Extent.ftl"): Found
2019-01-30 17:57:33,858 DEBUG [main] cache:45 - Loading template for "Extent.ftl"("en_US", UTF-8, parsed) from "jar:file:/C:/Users/webner/.m2/repository/com/relevantcodes/extentreports/2.41.2/extentreports-2.41.2.jar!/com/relevantcodes/extentreports/view/Extent.ftl"
2019-01-30 17:59:00,903  INFO [main] LoginPageTest:21 - browserLaunch
2019-01-30 17:59:05,159  INFO [main] LoginPageTest:32 - testCase
2019-01-30 17:59:05,549 DEBUG [main] cache:45 - Couldn't find template in cache for "Extent.ftl"("en_US", UTF-8, parsed); will try to load it.
2019-01-30 17:59:05,549 DEBUG [main] cache:45 - TemplateLoader.findTemplateSource("Extent_en_US.ftl"): Not found
2019-01-30 17:59:05,549 DEBUG [main] cache:45 - TemplateLoader.findTemplateSource("Extent_en.ftl"): Not found
2019-01-30 17:59:05,549 DEBUG [main] cache:45 - TemplateLoader.findTemplateSource("Extent.ftl"): Found
2019-01-30 17:59:05,549 DEBUG [main] cache:45 - Loading template for "Extent.ftl"("en_US", UTF-8, parsed) from "jar:file:/C:/Users/webner/.m2/repository/com/relevantcodes/extentreports/2.41.2/extentreports-2.41.2.jar!/com/relevantcodes/extentreports/view/Extent.ftl"
2019-01-30 17:59:05,845 DEBUG [main] cache:45 - Couldn't find template in cache for "Extent.ftl"("en_US", UTF-8, parsed); will try to load it.
2019-01-30 17:59:05,845 DEBUG [main] cache:45 - TemplateLoader.findTemplateSource("Extent_en_US.ftl"): Not found
2019-01-30 17:59:05,845 DEBUG [main] cache:45 - TemplateLoader.findTemplateSource("Extent_en.ftl"): Not found
2019-01-30 17:59:05,845 DEBUG [main] cache:45 - TemplateLoader.findTemplateSource("Extent.ftl"): Found
2019-01-30 17:59:05,845 DEBUG [main] cache:45 - Loading template for "Extent.ftl"("en_US", UTF-8, parsed) from "jar:file:/C:/Users/webner/.m2/repository/com/relevantcodes/extentreports/2.41.2/extentreports-2.41.2.jar!/com/relevantcodes/extentreports/view/Extent.ftl"
2019-01-30 18:17:08,253  INFO [main] LoginPageTest:21 - browserLaunch
2019-01-30 18:17:12,265  INFO [main] LoginPageTest:32 - testCase
2019-01-30 18:17:14,835 DEBUG [main] cache:45 - Couldn't find template in cache for "Extent.ftl"("en_US", UTF-8, parsed); will try to load it.
2019-01-30 18:17:14,836 DEBUG [main] cache:45 - TemplateLoader.findTemplateSource("Extent_en_US.ftl"): Not found
2019-01-30 18:17:14,838 DEBUG [main] cache:45 - TemplateLoader.findTemplateSource("Extent_en.ftl"): Not found
2019-01-30 18:17:14,839 DEBUG [main] cache:45 - TemplateLoader.findTemplateSource("Extent.ftl"): Found
2019-01-30 18:17:14,840 DEBUG [main] cache:45 - Loading template for "Extent.ftl"("en_US", UTF-8, parsed) from "jar:file:/C:/Users/webner/.m2/repository/com/relevantcodes/extentreports/2.41.2/extentreports-2.41.2.jar!/com/relevantcodes/extentreports/view/Extent.ftl"
2019-01-30 18:17:15,086 DEBUG [main] cache:45 - Couldn't find template in cache for "Extent.ftl"("en_US", UTF-8, parsed); will try to load it.
2019-01-30 18:17:15,086 DEBUG [main] cache:45 - TemplateLoader.findTemplateSource("Extent_en_US.ftl"): Not found
2019-01-30 18:17:15,087 DEBUG [main] cache:45 - TemplateLoader.findTemplateSource("Extent_en.ftl"): Not found
2019-01-30 18:17:15,087 DEBUG [main] cache:45 - TemplateLoader.findTemplateSource("Extent.ftl"): Found
2019-01-30 18:17:15,087 DEBUG [main] cache:45 - Loading template for "Extent.ftl"("en_US", UTF-8, parsed) from "jar:file:/C:/Users/webner/.m2/repository/com/relevantcodes/extentreports/2.41.2/extentreports-2.41.2.jar!/com/relevantcodes/extentreports/view/Extent.ftl"
2019-01-30 18:17:51,207  INFO [main] LoginPageTest:21 - browserLaunch
2019-01-30 18:17:55,645 DEBUG [main] cache:45 - Couldn't find template in cache for "Extent.ftl"("en_US", UTF-8, parsed); will try to load it.
2019-01-30 18:17:55,645 DEBUG [main] cache:45 - TemplateLoader.findTemplateSource("Extent_en_US.ftl"): Not found
2019-01-30 18:17:55,645 DEBUG [main] cache:45 - TemplateLoader.findTemplateSource("Extent_en.ftl"): Not found
2019-01-30 18:17:55,645 DEBUG [main] cache:45 - TemplateLoader.findTemplateSource("Extent.ftl"): Found
2019-01-30 18:17:55,645 DEBUG [main] cache:45 - Loading template for "Extent.ftl"("en_US", UTF-8, parsed) from "jar:file:/C:/Users/webner/.m2/repository/com/relevantcodes/extentreports/2.41.2/extentreports-2.41.2.jar!/com/relevantcodes/extentreports/view/Extent.ftl"
2019-01-30 18:17:55,910 DEBUG [main] cache:45 - Couldn't find template in cache for "Extent.ftl"("en_US", UTF-8, parsed); will try to load it.
2019-01-30 18:17:55,910 DEBUG [main] cache:45 - TemplateLoader.findTemplateSource("Extent_en_US.ftl"): Not found
2019-01-30 18:17:55,910 DEBUG [main] cache:45 - TemplateLoader.findTemplateSource("Extent_en.ftl"): Not found
2019-01-30 18:17:55,910 DEBUG [main] cache:45 - TemplateLoader.findTemplateSource("Extent.ftl"): Found
2019-01-30 18:17:55,910 DEBUG [main] cache:45 - Loading template for "Extent.ftl"("en_US", UTF-8, parsed) from "jar:file:/C:/Users/webner/.m2/repository/com/relevantcodes/extentreports/2.41.2/extentreports-2.41.2.jar!/com/relevantcodes/extentreports/view/Extent.ftl"
2019-01-30 18:18:46,681  INFO [main] LoginPageTest:21 - browserLaunch
2019-01-30 18:18:51,107 DEBUG [main] cache:45 - Couldn't find template in cache for "Extent.ftl"("en_US", UTF-8, parsed); will try to load it.
2019-01-30 18:18:51,107 DEBUG [main] cache:45 - TemplateLoader.findTemplateSource("Extent_en_US.ftl"): Not found
2019-01-30 18:18:51,107 DEBUG [main] cache:45 - TemplateLoader.findTemplateSource("Extent_en.ftl"): Not found
2019-01-30 18:18:51,107 DEBUG [main] cache:45 - TemplateLoader.findTemplateSource("Extent.ftl"): Found
2019-01-30 18:18:51,107 DEBUG [main] cache:45 - Loading template for "Extent.ftl"("en_US", UTF-8, parsed) from "jar:file:/C:/Users/webner/.m2/repository/com/relevantcodes/extentreports/2.41.2/extentreports-2.41.2.jar!/com/relevantcodes/extentreports/view/Extent.ftl"
2019-01-30 18:18:51,365 DEBUG [main] cache:45 - Couldn't find template in cache for "Extent.ftl"("en_US", UTF-8, parsed); will try to load it.
2019-01-30 18:18:51,366 DEBUG [main] cache:45 - TemplateLoader.findTemplateSource("Extent_en_US.ftl"): Not found
2019-01-30 18:18:51,366 DEBUG [main] cache:45 - TemplateLoader.findTemplateSource("Extent_en.ftl"): Not found
2019-01-30 18:18:51,366 DEBUG [main] cache:45 - TemplateLoader.findTemplateSource("Extent.ftl"): Found
2019-01-30 18:18:51,367 DEBUG [main] cache:45 - Loading template for "Extent.ftl"("en_US", UTF-8, parsed) from "jar:file:/C:/Users/webner/.m2/repository/com/relevantcodes/extentreports/2.41.2/extentreports-2.41.2.jar!/com/relevantcodes/extentreports/view/Extent.ftl"
2019-01-30 18:19:10,973  INFO [main] LoginPageTest:21 - browserLaunch
2019-01-30 18:19:14,723  INFO [main] LoginPageTest:32 - testCase
2019-01-30 18:19:17,325 DEBUG [main] cache:45 - Couldn't find template in cache for "Extent.ftl"("en_US", UTF-8, parsed); will try to load it.
2019-01-30 18:19:17,327 DEBUG [main] cache:45 - TemplateLoader.findTemplateSource("Extent_en_US.ftl"): Not found
2019-01-30 18:19:17,329 DEBUG [main] cache:45 - TemplateLoader.findTemplateSource("Extent_en.ftl"): Not found
2019-01-30 18:19:17,330 DEBUG [main] cache:45 - TemplateLoader.findTemplateSource("Extent.ftl"): Found
2019-01-30 18:19:17,331 DEBUG [main] cache:45 - Loading template for "Extent.ftl"("en_US", UTF-8, parsed) from "jar:file:/C:/Users/webner/.m2/repository/com/relevantcodes/extentreports/2.41.2/extentreports-2.41.2.jar!/com/relevantcodes/extentreports/view/Extent.ftl"
2019-01-30 18:19:17,587 DEBUG [main] cache:45 - Couldn't find template in cache for "Extent.ftl"("en_US", UTF-8, parsed); will try to load it.
2019-01-30 18:19:17,587 DEBUG [main] cache:45 - TemplateLoader.findTemplateSource("Extent_en_US.ftl"): Not found
2019-01-30 18:19:17,587 DEBUG [main] cache:45 - TemplateLoader.findTemplateSource("Extent_en.ftl"): Not found
2019-01-30 18:19:17,587 DEBUG [main] cache:45 - TemplateLoader.findTemplateSource("Extent.ftl"): Found
2019-01-30 18:19:17,587 DEBUG [main] cache:45 - Loading template for "Extent.ftl"("en_US", UTF-8, parsed) from "jar:file:/C:/Users/webner/.m2/repository/com/relevantcodes/extentreports/2.41.2/extentreports-2.41.2.jar!/com/relevantcodes/extentreports/view/Extent.ftl"
2019-01-31 11:48:59,436  INFO [main] LoginPageTest:24 - browserLaunch
2019-01-31 11:49:03,386  INFO [main] LoginPageTest:35 - testCase
2019-01-31 11:49:31,589  INFO [main] LoginPageTest:24 - browserLaunch
2019-01-31 11:56:39,232  INFO [main] LoginPageTest:24 - browserLaunch
2019-01-31 11:58:38,053  INFO [main] LoginPageTest:24 - browserLaunch
2019-01-31 12:43:44,705  INFO [main] LoginPageTest:24 - browserLaunch
2019-01-31 12:52:02,352  INFO [main] LoginPageTest:24 - browserLaunch
2019-01-31 12:57:17,451  INFO [main] LoginPageTest:24 - browserLaunch
2019-01-31 13:54:59,797  INFO [main] LoginPageTest:24 - browserLaunch
2019-01-31 14:00:33,116  INFO [main] LoginPageTest:24 - browserLaunch
2019-01-31 14:01:21,568  INFO [main] LoginPageTest:24 - browserLaunch
2019-02-03 12:05:00,792  INFO [main] LoginPageTest:24 - browserLaunch
2019-02-03 12:07:09,312  INFO [main] LoginPageTest:24 - browserLaunch
2019-02-03 12:11:18,380  INFO [main] LoginPageTest:24 - browserLaunch
2019-02-03 12:13:06,612  INFO [main] LoginPageTest:24 - browserLaunch
2019-02-03 17:55:51,770  INFO [main] LoginPageTest:24 - browserLaunch
2019-02-03 17:56:33,177  INFO [main] LoginPageTest:24 - browserLaunch
2019-02-03 17:58:03,900  INFO [main] LoginPageTest:24 - browserLaunch
2019-02-03 17:58:54,003  INFO [main] LoginPageTest:24 - browserLaunch
2019-02-03 18:00:31,609  INFO [main] LoginPageTest:24 - browserLaunch
2019-02-03 18:01:57,568  INFO [main] LoginPageTest:24 - browserLaunch
2019-02-03 18:03:09,465  INFO [main] LoginPageTest:24 - browserLaunch
2019-02-03 18:05:01,221  INFO [main] LoginPageTest:24 - browserLaunch
2019-02-03 18:05:09,219  INFO [main] LoginPageTest:36 - testCase
2019-02-03 20:20:13,550  INFO [main] LoginPageTest:27 - browserLaunch
2019-02-03 20:20:19,900  INFO [main] LoginPageTest:41 - testCase
2019-02-03 20:29:11,437  INFO [main] LoginPageTest:27 - browserLaunch
2019-02-03 20:29:19,214  INFO [main] LoginPageTest:41 - testCase
2019-02-10 12:11:22,518  INFO [main] LoginPageTest:27 - browserLaunch
2019-02-10 12:13:31,370 DEBUG [main] cache:45 - Couldn't find template in cache for "Extent.ftl"("en_IN", UTF-8, parsed); will try to load it.
2019-02-10 12:13:31,372 DEBUG [main] cache:45 - TemplateLoader.findTemplateSource("Extent_en_IN.ftl"): Not found
2019-02-10 12:13:31,374 DEBUG [main] cache:45 - TemplateLoader.findTemplateSource("Extent_en.ftl"): Not found
2019-02-10 12:13:31,375 DEBUG [main] cache:45 - TemplateLoader.findTemplateSource("Extent.ftl"): Found
2019-02-10 12:13:31,375 DEBUG [main] cache:45 - Loading template for "Extent.ftl"("en_IN", UTF-8, parsed) from "jar:file:/C:/Users/HP/.m2/repository/com/relevantcodes/extentreports/2.41.2/extentreports-2.41.2.jar!/com/relevantcodes/extentreports/view/Extent.ftl"
2019-02-10 12:13:31,993 DEBUG [main] cache:45 - Couldn't find template in cache for "Extent.ftl"("en_IN", UTF-8, parsed); will try to load it.
2019-02-10 12:13:31,994 DEBUG [main] cache:45 - TemplateLoader.findTemplateSource("Extent_en_IN.ftl"): Not found
2019-02-10 12:13:31,994 DEBUG [main] cache:45 - TemplateLoader.findTemplateSource("Extent_en.ftl"): Not found
2019-02-10 12:13:31,994 DEBUG [main] cache:45 - TemplateLoader.findTemplateSource("Extent.ftl"): Found
2019-02-10 12:13:31,995 DEBUG [main] cache:45 - Loading template for "Extent.ftl"("en_IN", UTF-8, parsed) from "jar:file:/C:/Users/HP/.m2/repository/com/relevantcodes/extentreports/2.41.2/extentreports-2.41.2.jar!/com/relevantcodes/extentreports/view/Extent.ftl"
2019-02-10 12:30:39,837  INFO [main] LoginPageTest:27 - browserLaunch
2019-02-10 18:50:31,196  INFO [main] LoginPageTest:32 - browserLaunch
2019-02-10 18:56:11,274  INFO [main] LoginPageTest:32 - browserLaunch
2019-02-10 18:56:29,264  INFO [main] LoginPageTest:32 - browserLaunch
2019-02-10 18:56:55,900  INFO [main] LoginPageTest:32 - browserLaunch
2019-02-10 18:57:24,976  INFO [main] LoginPageTest:32 - browserLaunch
2019-02-10 18:57:41,637  INFO [main] LoginPageTest:32 - browserLaunch
2019-02-10 19:05:55,468  INFO [main] LoginPageTest:33 - browserLaunch
2019-02-10 19:15:23,449  INFO [main] LoginPageTest:35 - browserLaunch
2019-02-10 19:15:55,087  INFO [main] LoginPageTest:35 - browserLaunch
2019-02-10 19:16:19,409  INFO [main] LoginPageTest:35 - browserLaunch
2019-02-10 19:16:50,977  INFO [main] LoginPageTest:35 - browserLaunch
2019-02-10 19:17:20,400  INFO [main] LoginPageTest:35 - browserLaunch
2019-02-10 19:22:18,632  INFO [main] LoginPageTest:35 - browserLaunch
2019-02-10 19:22:41,779  INFO [main] LoginPageTest:35 - browserLaunch
2019-02-10 19:23:32,817  INFO [main] LoginPageTest:35 - browserLaunch
2019-02-10 19:29:27,183  INFO [main] LoginPageTest:35 - browserLaunch
2019-02-10 19:29:52,003  INFO [main] LoginPageTest:35 - browserLaunch
2019-02-10 19:30:15,155  INFO [main] LoginPageTest:35 - browserLaunch
2019-02-10 19:31:27,588  INFO [main] LoginPageTest:35 - browserLaunch
2019-02-10 19:31:50,689  INFO [main] LoginPageTest:35 - browserLaunch
2019-02-10 19:32:14,879  INFO [main] LoginPageTest:35 - browserLaunch
2019-02-10 19:32:42,566  INFO [main] LoginPageTest:35 - browserLaunch
2019-02-10 19:33:09,239  INFO [main] LoginPageTest:35 - browserLaunch
2019-02-10 19:47:22,791  INFO [main] LoginPageTest:35 - browserLaunch
2019-02-10 19:47:49,236  INFO [main] LoginPageTest:35 - browserLaunch
2019-02-10 19:48:25,522  INFO [main] LoginPageTest:35 - browserLaunch
2019-02-10 19:48:53,219  INFO [main] LoginPageTest:35 - browserLaunch
2019-02-10 19:49:21,874  INFO [main] LoginPageTest:35 - browserLaunch
2019-02-10 20:54:18,318  INFO [main] LoginPageTest:33 - browserLaunch
2019-02-10 20:55:00,355  INFO [main] LoginPageTest:33 - browserLaunch
2019-02-10 20:55:26,821  INFO [main] LoginPageTest:33 - browserLaunch
2019-02-10 20:55:56,526  INFO [main] LoginPageTest:33 - browserLaunch
2019-02-10 20:56:23,197  INFO [main] LoginPageTest:33 - browserLaunch
2019-02-10 20:58:37,471 DEBUG [main] cache:45 - Couldn't find template in cache for "Extent.ftl"("en_IN", UTF-8, parsed); will try to load it.
2019-02-10 20:58:37,474 DEBUG [main] cache:45 - TemplateLoader.findTemplateSource("Extent_en_IN.ftl"): Not found
2019-02-10 20:58:37,476 DEBUG [main] cache:45 - TemplateLoader.findTemplateSource("Extent_en.ftl"): Not found
2019-02-10 20:58:37,478 DEBUG [main] cache:45 - TemplateLoader.findTemplateSource("Extent.ftl"): Found
2019-02-10 20:58:37,479 DEBUG [main] cache:45 - Loading template for "Extent.ftl"("en_IN", UTF-8, parsed) from "jar:file:/C:/Users/HP/.m2/repository/com/relevantcodes/extentreports/2.41.2/extentreports-2.41.2.jar!/com/relevantcodes/extentreports/view/Extent.ftl"
2019-02-10 20:58:38,226 DEBUG [main] cache:45 - Couldn't find template in cache for "Extent.ftl"("en_IN", UTF-8, parsed); will try to load it.
2019-02-10 20:58:38,227 DEBUG [main] cache:45 - TemplateLoader.findTemplateSource("Extent_en_IN.ftl"): Not found
2019-02-10 20:58:38,229 DEBUG [main] cache:45 - TemplateLoader.findTemplateSource("Extent_en.ftl"): Not found
2019-02-10 20:58:38,230 DEBUG [main] cache:45 - TemplateLoader.findTemplateSource("Extent.ftl"): Found
2019-02-10 20:58:38,231 DEBUG [main] cache:45 - Loading template for "Extent.ftl"("en_IN", UTF-8, parsed) from "jar:file:/C:/Users/HP/.m2/repository/com/relevantcodes/extentreports/2.41.2/extentreports-2.41.2.jar!/com/relevantcodes/extentreports/view/Extent.ftl"
2019-02-10 21:53:02,409  INFO [main] LoginPageTest:33 - browserLaunch
2019-02-10 21:53:35,355  INFO [main] LoginPageTest:33 - browserLaunch
2019-02-10 21:54:07,444  INFO [main] LoginPageTest:33 - browserLaunch
2019-02-10 21:54:38,560  INFO [main] LoginPageTest:33 - browserLaunch
2019-02-10 21:55:11,263  INFO [main] LoginPageTest:33 - browserLaunch
2019-02-10 22:26:17,371  INFO [TestNG-tests-1] LoginPageTest:32 - browserLaunch
2019-02-10 22:26:47,920  INFO [TestNG-tests-1] LoginPageTest:32 - browserLaunch
2019-02-10 22:28:42,663  INFO [TestNG-tests-1] LoginPageTest:32 - browserLaunch
2019-02-10 22:29:17,010  INFO [TestNG-tests-1] LoginPageTest:32 - browserLaunch
2019-02-10 22:29:51,502  INFO [TestNG-tests-1] LoginPageTest:32 - browserLaunch
2019-02-10 22:31:40,041  INFO [TestNG-tests-1] LoginPageTest:32 - browserLaunch
2019-02-10 22:32:13,261  INFO [TestNG-tests-1] LoginPageTest:32 - browserLaunch
2019-02-10 22:32:36,698  INFO [TestNG-tests-1] LoginPageTest:32 - browserLaunch
2019-02-10 22:33:07,754  INFO [TestNG-tests-1] LoginPageTest:32 - browserLaunch
2019-02-10 22:33:36,423  INFO [TestNG-tests-1] LoginPageTest:32 - browserLaunch
2019-02-13 14:35:39,426  INFO [TestNG-tests-1] LoginPageTest:32 - browserLaunch
2019-02-13 14:35:39,753 DEBUG [main] cache:45 - Couldn't find template in cache for "Extent.ftl"("en_US", UTF-8, parsed); will try to load it.
2019-02-13 14:35:39,755 DEBUG [main] cache:45 - TemplateLoader.findTemplateSource("Extent_en_US.ftl"): Not found
2019-02-13 14:35:39,756 DEBUG [main] cache:45 - TemplateLoader.findTemplateSource("Extent_en.ftl"): Not found
2019-02-13 14:35:39,758 DEBUG [main] cache:45 - TemplateLoader.findTemplateSource("Extent.ftl"): Found
2019-02-13 14:35:39,759 DEBUG [main] cache:45 - Loading template for "Extent.ftl"("en_US", UTF-8, parsed) from "jar:file:/C:/Users/webner/.m2/repository/com/relevantcodes/extentreports/2.41.2/extentreports-2.41.2.jar!/com/relevantcodes/extentreports/view/Extent.ftl"
2019-02-13 14:35:40,027 DEBUG [main] cache:45 - Couldn't find template in cache for "Extent.ftl"("en_US", UTF-8, parsed); will try to load it.
2019-02-13 14:35:40,028 DEBUG [main] cache:45 - TemplateLoader.findTemplateSource("Extent_en_US.ftl"): Not found
2019-02-13 14:35:40,029 DEBUG [main] cache:45 - TemplateLoader.findTemplateSource("Extent_en.ftl"): Not found
2019-02-13 14:35:40,030 DEBUG [main] cache:45 - TemplateLoader.findTemplateSource("Extent.ftl"): Found
2019-02-13 14:35:40,031 DEBUG [main] cache:45 - Loading template for "Extent.ftl"("en_US", UTF-8, parsed) from "jar:file:/C:/Users/webner/.m2/repository/com/relevantcodes/extentreports/2.41.2/extentreports-2.41.2.jar!/com/relevantcodes/extentreports/view/Extent.ftl"
2019-02-13 15:20:59,818 DEBUG [main] cache:45 - Couldn't find template in cache for "Extent.ftl"("en_US", UTF-8, parsed); will try to load it.
2019-02-13 15:20:59,821 DEBUG [main] cache:45 - TemplateLoader.findTemplateSource("Extent_en_US.ftl"): Not found
2019-02-13 15:20:59,823 DEBUG [main] cache:45 - TemplateLoader.findTemplateSource("Extent_en.ftl"): Not found
2019-02-13 15:20:59,825 DEBUG [main] cache:45 - TemplateLoader.findTemplateSource("Extent.ftl"): Found
2019-02-13 15:20:59,825 DEBUG [main] cache:45 - Loading template for "Extent.ftl"("en_US", UTF-8, parsed) from "jar:file:/C:/Users/webner/.m2/repository/com/relevantcodes/extentreports/2.41.2/extentreports-2.41.2.jar!/com/relevantcodes/extentreports/view/Extent.ftl"
2019-02-13 15:21:00,124 DEBUG [main] cache:45 - Couldn't find template in cache for "Extent.ftl"("en_US", UTF-8, parsed); will try to load it.
2019-02-13 15:21:00,126 DEBUG [main] cache:45 - TemplateLoader.findTemplateSource("Extent_en_US.ftl"): Not found
2019-02-13 15:21:00,127 DEBUG [main] cache:45 - TemplateLoader.findTemplateSource("Extent_en.ftl"): Not found
2019-02-13 15:21:00,129 DEBUG [main] cache:45 - TemplateLoader.findTemplateSource("Extent.ftl"): Found
2019-02-13 15:21:00,131 DEBUG [main] cache:45 - Loading template for "Extent.ftl"("en_US", UTF-8, parsed) from "jar:file:/C:/Users/webner/.m2/repository/com/relevantcodes/extentreports/2.41.2/extentreports-2.41.2.jar!/com/relevantcodes/extentreports/view/Extent.ftl"
2019-02-13 15:22:04,548 DEBUG [main] cache:45 - Couldn't find template in cache for "Extent.ftl"("en_US", UTF-8, parsed); will try to load it.
2019-02-13 15:22:04,550 DEBUG [main] cache:45 - TemplateLoader.findTemplateSource("Extent_en_US.ftl"): Not found
2019-02-13 15:22:04,552 DEBUG [main] cache:45 - TemplateLoader.findTemplateSource("Extent_en.ftl"): Not found
2019-02-13 15:22:04,553 DEBUG [main] cache:45 - TemplateLoader.findTemplateSource("Extent.ftl"): Found
2019-02-13 15:22:04,554 DEBUG [main] cache:45 - Loading template for "Extent.ftl"("en_US", UTF-8, parsed) from "jar:file:/C:/Users/webner/.m2/repository/com/relevantcodes/extentreports/2.41.2/extentreports-2.41.2.jar!/com/relevantcodes/extentreports/view/Extent.ftl"
2019-02-13 15:22:04,864 DEBUG [main] cache:45 - Couldn't find template in cache for "Extent.ftl"("en_US", UTF-8, parsed); will try to load it.
2019-02-13 15:22:04,865 DEBUG [main] cache:45 - TemplateLoader.findTemplateSource("Extent_en_US.ftl"): Not found
2019-02-13 15:22:04,866 DEBUG [main] cache:45 - TemplateLoader.findTemplateSource("Extent_en.ftl"): Not found
2019-02-13 15:22:04,867 DEBUG [main] cache:45 - TemplateLoader.findTemplateSource("Extent.ftl"): Found
2019-02-13 15:22:04,868 DEBUG [main] cache:45 - Loading template for "Extent.ftl"("en_US", UTF-8, parsed) from "jar:file:/C:/Users/webner/.m2/repository/com/relevantcodes/extentreports/2.41.2/extentreports-2.41.2.jar!/com/relevantcodes/extentreports/view/Extent.ftl"
2019-02-13 15:22:47,218  INFO [TestNG-tests-1] LoginPageTest:32 - browserLaunch
2019-02-13 15:23:40,969  INFO [TestNG-tests-1] LoginPageTest:32 - browserLaunch
2019-02-13 15:24:35,881  INFO [TestNG-tests-1] LoginPageTest:32 - browserLaunch
2019-02-13 15:24:47,430 DEBUG [main] cache:45 - Couldn't find template in cache for "Extent.ftl"("en_US", UTF-8, parsed); will try to load it.
2019-02-13 15:24:47,431 DEBUG [main] cache:45 - TemplateLoader.findTemplateSource("Extent_en_US.ftl"): Not found
2019-02-13 15:24:47,433 DEBUG [main] cache:45 - TemplateLoader.findTemplateSource("Extent_en.ftl"): Not found
2019-02-13 15:24:47,434 DEBUG [main] cache:45 - TemplateLoader.findTemplateSource("Extent.ftl"): Found
2019-02-13 15:24:47,435 DEBUG [main] cache:45 - Loading template for "Extent.ftl"("en_US", UTF-8, parsed) from "jar:file:/C:/Users/webner/.m2/repository/com/relevantcodes/extentreports/2.41.2/extentreports-2.41.2.jar!/com/relevantcodes/extentreports/view/Extent.ftl"
2019-02-13 15:24:47,599 DEBUG [main] cache:45 - Couldn't find template in cache for "Extent.ftl"("en_US", UTF-8, parsed); will try to load it.
2019-02-13 15:24:47,600 DEBUG [main] cache:45 - TemplateLoader.findTemplateSource("Extent_en_US.ftl"): Not found
2019-02-13 15:24:47,601 DEBUG [main] cache:45 - TemplateLoader.findTemplateSource("Extent_en.ftl"): Not found
2019-02-13 15:24:47,601 DEBUG [main] cache:45 - TemplateLoader.findTemplateSource("Extent.ftl"): Found
2019-02-13 15:24:47,601 DEBUG [main] cache:45 - Loading template for "Extent.ftl"("en_US", UTF-8, parsed) from "jar:file:/C:/Users/webner/.m2/repository/com/relevantcodes/extentreports/2.41.2/extentreports-2.41.2.jar!/com/relevantcodes/extentreports/view/Extent.ftl"
2019-02-13 15:29:01,395  INFO [TestNG-tests-1] LoginPageTest:32 - browserLaunch
2019-02-13 15:29:57,357  INFO [TestNG-tests-1] LoginPageTest:32 - browserLaunch
2019-02-13 15:30:53,231  INFO [TestNG-tests-1] LoginPageTest:32 - browserLaunch
2019-02-13 15:31:04,827 DEBUG [main] cache:45 - Couldn't find template in cache for "Extent.ftl"("en_US", UTF-8, parsed); will try to load it.
2019-02-13 15:31:04,827 DEBUG [main] cache:45 - TemplateLoader.findTemplateSource("Extent_en_US.ftl"): Not found
2019-02-13 15:31:04,827 DEBUG [main] cache:45 - TemplateLoader.findTemplateSource("Extent_en.ftl"): Not found
2019-02-13 15:31:04,827 DEBUG [main] cache:45 - TemplateLoader.findTemplateSource("Extent.ftl"): Found
2019-02-13 15:31:04,827 DEBUG [main] cache:45 - Loading template for "Extent.ftl"("en_US", UTF-8, parsed) from "jar:file:/C:/Users/webner/.m2/repository/com/relevantcodes/extentreports/2.41.2/extentreports-2.41.2.jar!/com/relevantcodes/extentreports/view/Extent.ftl"
2019-02-13 15:31:05,068 DEBUG [main] cache:45 - Couldn't find template in cache for "Extent.ftl"("en_US", UTF-8, parsed); will try to load it.
2019-02-13 15:31:05,068 DEBUG [main] cache:45 - TemplateLoader.findTemplateSource("Extent_en_US.ftl"): Not found
2019-02-13 15:31:05,068 DEBUG [main] cache:45 - TemplateLoader.findTemplateSource("Extent_en.ftl"): Not found
2019-02-13 15:31:05,068 DEBUG [main] cache:45 - TemplateLoader.findTemplateSource("Extent.ftl"): Found
2019-02-13 15:31:05,068 DEBUG [main] cache:45 - Loading template for "Extent.ftl"("en_US", UTF-8, parsed) from "jar:file:/C:/Users/webner/.m2/repository/com/relevantcodes/extentreports/2.41.2/extentreports-2.41.2.jar!/com/relevantcodes/extentreports/view/Extent.ftl"
2019-02-13 15:32:50,143  INFO [main] LoginPageTest:32 - browserLaunch
2019-02-13 15:33:52,444  INFO [main] LoginPageTest:32 - browserLaunch
2019-02-13 15:34:47,325  INFO [main] LoginPageTest:32 - browserLaunch
2019-02-13 15:35:33,372  INFO [main] LoginPageTest:32 - browserLaunch
2019-02-13 15:36:21,890  INFO [main] LoginPageTest:32 - browserLaunch
2019-02-13 15:40:00,467  INFO [main] LoginPageTest:32 - browserLaunch
2019-02-13 15:40:54,670  INFO [main] LoginPageTest:32 - browserLaunch
2019-02-13 15:41:51,272  INFO [main] LoginPageTest:32 - browserLaunch
2019-02-13 15:42:44,837  INFO [main] LoginPageTest:32 - browserLaunch
2019-02-13 15:43:32,191  INFO [main] LoginPageTest:32 - browserLaunch
2019-02-13 15:48:45,865  INFO [main] LoginPageTest:32 - browserLaunch
2019-02-13 15:49:40,770  INFO [main] LoginPageTest:32 - browserLaunch
2019-02-13 15:50:36,212  INFO [main] LoginPageTest:32 - browserLaunch
2019-02-13 15:51:22,650  INFO [main] LoginPageTest:32 - browserLaunch
2019-02-13 15:52:09,123  INFO [main] LoginPageTest:32 - browserLaunch
2019-02-13 15:54:32,159  INFO [TestNG-tests-1] LoginPageTest:32 - browserLaunch
2019-02-13 15:55:31,842  INFO [TestNG-tests-1] LoginPageTest:32 - browserLaunch
2019-02-13 15:56:25,412  INFO [TestNG-tests-1] LoginPageTest:32 - browserLaunch
2019-02-13 15:57:13,232  INFO [TestNG-tests-1] LoginPageTest:32 - browserLaunch
2019-02-13 15:57:59,538  INFO [TestNG-tests-1] LoginPageTest:32 - browserLaunch
2019-02-13 15:58:21,764 DEBUG [main] cache:45 - Couldn't find template in cache for "Extent.ftl"("en_US", UTF-8, parsed); will try to load it.
2019-02-13 15:58:21,765 DEBUG [main] cache:45 - TemplateLoader.findTemplateSource("Extent_en_US.ftl"): Not found
2019-02-13 15:58:21,766 DEBUG [main] cache:45 - TemplateLoader.findTemplateSource("Extent_en.ftl"): Not found
2019-02-13 15:58:21,767 DEBUG [main] cache:45 - TemplateLoader.findTemplateSource("Extent.ftl"): Found
2019-02-13 15:58:21,767 DEBUG [main] cache:45 - Loading template for "Extent.ftl"("en_US", UTF-8, parsed) from "jar:file:/C:/Users/webner/.m2/repository/com/relevantcodes/extentreports/2.41.2/extentreports-2.41.2.jar!/com/relevantcodes/extentreports/view/Extent.ftl"
2019-02-13 15:58:21,955 DEBUG [main] cache:45 - Couldn't find template in cache for "Extent.ftl"("en_US", UTF-8, parsed); will try to load it.
2019-02-13 15:58:21,956 DEBUG [main] cache:45 - TemplateLoader.findTemplateSource("Extent_en_US.ftl"): Not found
2019-02-13 15:58:21,956 DEBUG [main] cache:45 - TemplateLoader.findTemplateSource("Extent_en.ftl"): Not found
2019-02-13 15:58:21,956 DEBUG [main] cache:45 - TemplateLoader.findTemplateSource("Extent.ftl"): Found
2019-02-13 15:58:21,957 DEBUG [main] cache:45 - Loading template for "Extent.ftl"("en_US", UTF-8, parsed) from "jar:file:/C:/Users/webner/.m2/repository/com/relevantcodes/extentreports/2.41.2/extentreports-2.41.2.jar!/com/relevantcodes/extentreports/view/Extent.ftl"
2019-02-13 16:04:53,846  INFO [TestNG-tests-1] LoginPageTest:32 - browserLaunch
2019-02-13 16:05:48,163  INFO [TestNG-tests-1] LoginPageTest:32 - browserLaunch
2019-02-13 16:06:42,977  INFO [TestNG-tests-1] LoginPageTest:32 - browserLaunch
2019-02-13 16:07:31,070  INFO [TestNG-tests-1] LoginPageTest:32 - browserLaunch
2019-02-13 16:08:18,796  INFO [TestNG-tests-1] LoginPageTest:32 - browserLaunch
2019-02-13 16:08:40,762 DEBUG [main] cache:45 - Couldn't find template in cache for "Extent.ftl"("en_US", UTF-8, parsed); will try to load it.
2019-02-13 16:08:40,763 DEBUG [main] cache:45 - TemplateLoader.findTemplateSource("Extent_en_US.ftl"): Not found
2019-02-13 16:08:40,764 DEBUG [main] cache:45 - TemplateLoader.findTemplateSource("Extent_en.ftl"): Not found
2019-02-13 16:08:40,766 DEBUG [main] cache:45 - TemplateLoader.findTemplateSource("Extent.ftl"): Found
2019-02-13 16:08:40,767 DEBUG [main] cache:45 - Loading template for "Extent.ftl"("en_US", UTF-8, parsed) from "jar:file:/C:/Users/webner/.m2/repository/com/relevantcodes/extentreports/2.41.2/extentreports-2.41.2.jar!/com/relevantcodes/extentreports/view/Extent.ftl"
2019-02-13 16:08:40,940 DEBUG [main] cache:45 - Couldn't find template in cache for "Extent.ftl"("en_US", UTF-8, parsed); will try to load it.
2019-02-13 16:08:40,941 DEBUG [main] cache:45 - TemplateLoader.findTemplateSource("Extent_en_US.ftl"): Not found
2019-02-13 16:08:40,941 DEBUG [main] cache:45 - TemplateLoader.findTemplateSource("Extent_en.ftl"): Not found
2019-02-13 16:08:40,942 DEBUG [main] cache:45 - TemplateLoader.findTemplateSource("Extent.ftl"): Found
2019-02-13 16:08:40,942 DEBUG [main] cache:45 - Loading template for "Extent.ftl"("en_US", UTF-8, parsed) from "jar:file:/C:/Users/webner/.m2/repository/com/relevantcodes/extentreports/2.41.2/extentreports-2.41.2.jar!/com/relevantcodes/extentreports/view/Extent.ftl"
2019-02-13 16:19:19,408  INFO [TestNG-tests-1] LoginPageTest:32 - browserLaunch
2019-02-13 16:20:13,109  INFO [TestNG-tests-1] LoginPageTest:32 - browserLaunch
2019-02-13 16:21:14,775  INFO [TestNG-tests-1] LoginPageTest:32 - browserLaunch
2019-02-13 16:22:02,863  INFO [TestNG-tests-1] LoginPageTest:32 - browserLaunch
2019-02-13 16:22:48,949  INFO [TestNG-tests-1] LoginPageTest:32 - browserLaunch
2019-02-13 16:23:10,671 DEBUG [main] cache:45 - Couldn't find template in cache for "Extent.ftl"("en_US", UTF-8, parsed); will try to load it.
2019-02-13 16:23:10,671 DEBUG [main] cache:45 - TemplateLoader.findTemplateSource("Extent_en_US.ftl"): Not found
2019-02-13 16:23:10,671 DEBUG [main] cache:45 - TemplateLoader.findTemplateSource("Extent_en.ftl"): Not found
2019-02-13 16:23:10,671 DEBUG [main] cache:45 - TemplateLoader.findTemplateSource("Extent.ftl"): Found
2019-02-13 16:23:10,687 DEBUG [main] cache:45 - Loading template for "Extent.ftl"("en_US", UTF-8, parsed) from "jar:file:/C:/Users/webner/.m2/repository/com/relevantcodes/extentreports/2.41.2/extentreports-2.41.2.jar!/com/relevantcodes/extentreports/view/Extent.ftl"
2019-02-13 16:23:10,863 DEBUG [main] cache:45 - Couldn't find template in cache for "Extent.ftl"("en_US", UTF-8, parsed); will try to load it.
2019-02-13 16:23:10,863 DEBUG [main] cache:45 - TemplateLoader.findTemplateSource("Extent_en_US.ftl"): Not found
2019-02-13 16:23:10,863 DEBUG [main] cache:45 - TemplateLoader.findTemplateSource("Extent_en.ftl"): Not found
2019-02-13 16:23:10,863 DEBUG [main] cache:45 - TemplateLoader.findTemplateSource("Extent.ftl"): Found
2019-02-13 16:23:10,863 DEBUG [main] cache:45 - Loading template for "Extent.ftl"("en_US", UTF-8, parsed) from "jar:file:/C:/Users/webner/.m2/repository/com/relevantcodes/extentreports/2.41.2/extentreports-2.41.2.jar!/com/relevantcodes/extentreports/view/Extent.ftl"
2019-02-17 09:14:26,593  INFO [main] LoginPageTest:32 - browserLaunch
2019-02-17 09:14:49,163  INFO [main] LoginPageTest:32 - browserLaunch
2019-02-17 09:15:11,310  INFO [main] LoginPageTest:32 - browserLaunch
2019-02-17 09:15:37,071  INFO [main] LoginPageTest:32 - browserLaunch
2019-02-17 09:16:02,082  INFO [main] LoginPageTest:32 - browserLaunch
2019-02-17 09:25:08,809  INFO [TestNG-tests-1] LoginPageTest:32 - browserLaunch
2019-02-17 09:25:34,621  INFO [TestNG-tests-1] LoginPageTest:32 - browserLaunch
2019-02-17 09:26:00,628  INFO [TestNG-tests-1] LoginPageTest:32 - browserLaunch
2019-02-17 09:26:15,245 DEBUG [main] cache:45 - Couldn't find template in cache for "Extent.ftl"("en_IN", UTF-8, parsed); will try to load it.
2019-02-17 09:26:15,249 DEBUG [main] cache:45 - TemplateLoader.findTemplateSource("Extent_en_IN.ftl"): Not found
2019-02-17 09:26:15,255 DEBUG [main] cache:45 - TemplateLoader.findTemplateSource("Extent_en.ftl"): Not found
2019-02-17 09:26:15,260 DEBUG [main] cache:45 - TemplateLoader.findTemplateSource("Extent.ftl"): Found
2019-02-17 09:26:15,263 DEBUG [main] cache:45 - Loading template for "Extent.ftl"("en_IN", UTF-8, parsed) from "jar:file:/C:/Users/HP/.m2/repository/com/relevantcodes/extentreports/2.41.2/extentreports-2.41.2.jar!/com/relevantcodes/extentreports/view/Extent.ftl"
2019-02-17 09:26:15,960 DEBUG [main] cache:45 - Couldn't find template in cache for "Extent.ftl"("en_IN", UTF-8, parsed); will try to load it.
2019-02-17 09:26:15,961 DEBUG [main] cache:45 - TemplateLoader.findTemplateSource("Extent_en_IN.ftl"): Not found
2019-02-17 09:26:15,961 DEBUG [main] cache:45 - TemplateLoader.findTemplateSource("Extent_en.ftl"): Not found
2019-02-17 09:26:15,962 DEBUG [main] cache:45 - TemplateLoader.findTemplateSource("Extent.ftl"): Found
2019-02-17 09:26:15,962 DEBUG [main] cache:45 - Loading template for "Extent.ftl"("en_IN", UTF-8, parsed) from "jar:file:/C:/Users/HP/.m2/repository/com/relevantcodes/extentreports/2.41.2/extentreports-2.41.2.jar!/com/relevantcodes/extentreports/view/Extent.ftl"
2019-02-17 09:43:37,917  INFO [main] LoginPageTest:32 - browserLaunch
2019-02-17 09:43:55,010  INFO [main] LoginPageTest:32 - browserLaunch
2019-02-17 09:48:20,742  INFO [main] LoginPageTest:32 - browserLaunch
2019-02-17 09:49:00,665  INFO [main] LoginPageTest:32 - browserLaunch
2019-02-17 09:49:36,794  INFO [main] LoginPageTest:32 - browserLaunch
2019-02-17 09:50:11,739  INFO [main] LoginPageTest:32 - browserLaunch
2019-02-17 09:50:51,656  INFO [main] LoginPageTest:32 - browserLaunch
2019-02-17 10:06:39,835  INFO [main] LoginPageTest:32 - browserLaunch
2019-02-17 10:07:09,524  INFO [main] LoginPageTest:32 - browserLaunch
2019-02-17 10:07:34,560  INFO [main] LoginPageTest:32 - browserLaunch
2019-02-17 10:14:39,178  INFO [main] LoginPageTest:32 - browserLaunch
2019-02-17 10:15:09,180  INFO [main] LoginPageTest:32 - browserLaunch
2019-02-17 10:15:35,571  INFO [main] LoginPageTest:32 - browserLaunch
2019-02-17 10:16:48,858  INFO [main] LoginPageTest:32 - browserLaunch
2019-02-17 10:17:16,449  INFO [main] LoginPageTest:32 - browserLaunch
2019-02-17 10:17:44,790  INFO [main] LoginPageTest:32 - browserLaunch
2019-02-17 10:18:06,767  INFO [main] LoginPageTest:32 - browserLaunch
2019-02-17 10:18:27,797  INFO [main] LoginPageTest:32 - browserLaunch
2019-02-17 10:25:47,526  INFO [main] LoginPageTest:32 - browserLaunch
2019-02-17 10:26:26,471  INFO [main] LoginPageTest:32 - browserLaunch
2019-02-17 10:26:51,565  INFO [main] LoginPageTest:32 - browserLaunch
2019-02-17 10:27:09,060  INFO [main] LoginPageTest:32 - browserLaunch
2019-02-17 10:27:27,447  INFO [main] LoginPageTest:32 - browserLaunch
2019-02-17 10:29:55,558  INFO [main] LoginPageTest:32 - browserLaunch
2019-02-17 10:30:17,763  INFO [main] LoginPageTest:32 - browserLaunch
2019-02-17 10:30:50,234  INFO [main] LoginPageTest:32 - browserLaunch
2019-02-17 10:31:09,547  INFO [main] LoginPageTest:32 - browserLaunch
2019-02-17 10:31:32,252  INFO [main] LoginPageTest:32 - browserLaunch
2019-02-17 10:35:23,809  INFO [main] LoginPageTest:32 - browserLaunch
2019-02-17 10:35:49,937  INFO [main] LoginPageTest:32 - browserLaunch
2019-02-17 10:36:17,912  INFO [main] LoginPageTest:32 - browserLaunch
2019-02-17 10:36:33,826  INFO [main] LoginPageTest:32 - browserLaunch
2019-02-17 10:36:49,766  INFO [main] LoginPageTest:32 - browserLaunch
2019-02-17 10:41:43,309  INFO [main] LoginPageTest:33 - browserLaunch
2019-02-17 10:42:13,103  INFO [main] LoginPageTest:33 - browserLaunch
2019-02-17 10:42:35,647  INFO [main] LoginPageTest:33 - browserLaunch
2019-02-17 10:43:04,147  INFO [main] LoginPageTest:33 - browserLaunch
2019-02-17 10:43:33,976  INFO [main] LoginPageTest:33 - browserLaunch
2019-02-17 11:28:52,376  INFO [main] LoginPageTest:32 - browserLaunch
2019-02-17 11:29:32,409  INFO [main] LoginPageTest:32 - browserLaunch
2019-02-17 11:30:02,252  INFO [main] LoginPageTest:32 - browserLaunch
2019-02-17 11:30:25,259  INFO [main] LoginPageTest:32 - browserLaunch
2019-02-17 11:30:45,507  INFO [main] LoginPageTest:32 - browserLaunch
2019-02-17 11:34:05,096  INFO [TestNG-tests-1] LoginPageTest:32 - browserLaunch
2019-02-17 11:34:41,581  INFO [TestNG-tests-1] LoginPageTest:32 - browserLaunch
2019-02-17 11:35:09,707  INFO [TestNG-tests-1] LoginPageTest:32 - browserLaunch
2019-02-17 11:35:28,251  INFO [TestNG-tests-1] LoginPageTest:32 - browserLaunch
2019-02-17 11:35:46,888  INFO [TestNG-tests-1] LoginPageTest:32 - browserLaunch
2019-02-17 11:36:09,615 DEBUG [main] cache:45 - Couldn't find template in cache for "Extent.ftl"("en_IN", UTF-8, parsed); will try to load it.
2019-02-17 11:36:09,617 DEBUG [main] cache:45 - TemplateLoader.findTemplateSource("Extent_en_IN.ftl"): Not found
2019-02-17 11:36:09,620 DEBUG [main] cache:45 - TemplateLoader.findTemplateSource("Extent_en.ftl"): Not found
2019-02-17 11:36:09,623 DEBUG [main] cache:45 - TemplateLoader.findTemplateSource("Extent.ftl"): Found
2019-02-17 11:36:09,624 DEBUG [main] cache:45 - Loading template for "Extent.ftl"("en_IN", UTF-8, parsed) from "jar:file:/C:/Users/HP/.m2/repository/com/relevantcodes/extentreports/2.41.2/extentreports-2.41.2.jar!/com/relevantcodes/extentreports/view/Extent.ftl"
2019-02-17 11:36:10,093 DEBUG [main] cache:45 - Couldn't find template in cache for "Extent.ftl"("en_IN", UTF-8, parsed); will try to load it.
2019-02-17 11:36:10,094 DEBUG [main] cache:45 - TemplateLoader.findTemplateSource("Extent_en_IN.ftl"): Not found
2019-02-17 11:36:10,095 DEBUG [main] cache:45 - TemplateLoader.findTemplateSource("Extent_en.ftl"): Not found
2019-02-17 11:36:10,095 DEBUG [main] cache:45 - TemplateLoader.findTemplateSource("Extent.ftl"): Found
2019-02-17 11:36:10,096 DEBUG [main] cache:45 - Loading template for "Extent.ftl"("en_IN", UTF-8, parsed) from "jar:file:/C:/Users/HP/.m2/repository/com/relevantcodes/extentreports/2.41.2/extentreports-2.41.2.jar!/com/relevantcodes/extentreports/view/Extent.ftl"
2019-02-17 11:38:08,295  INFO [TestNG-tests-1] LoginPageTest:32 - browserLaunch
2019-02-17 11:38:40,869  INFO [TestNG-tests-1] LoginPageTest:32 - browserLaunch
2019-02-17 11:39:02,604  INFO [TestNG-tests-1] LoginPageTest:32 - browserLaunch
2019-02-17 11:39:20,938  INFO [TestNG-tests-1] LoginPageTest:32 - browserLaunch
2019-02-17 11:39:40,015  INFO [TestNG-tests-1] LoginPageTest:32 - browserLaunch
2019-02-17 11:40:02,867 DEBUG [main] cache:45 - Couldn't find template in cache for "Extent.ftl"("en_IN", UTF-8, parsed); will try to load it.
2019-02-17 11:40:02,869 DEBUG [main] cache:45 - TemplateLoader.findTemplateSource("Extent_en_IN.ftl"): Not found
2019-02-17 11:40:02,871 DEBUG [main] cache:45 - TemplateLoader.findTemplateSource("Extent_en.ftl"): Not found
2019-02-17 11:40:02,873 DEBUG [main] cache:45 - TemplateLoader.findTemplateSource("Extent.ftl"): Found
2019-02-17 11:40:02,873 DEBUG [main] cache:45 - Loading template for "Extent.ftl"("en_IN", UTF-8, parsed) from "jar:file:/C:/Users/HP/.m2/repository/com/relevantcodes/extentreports/2.41.2/extentreports-2.41.2.jar!/com/relevantcodes/extentreports/view/Extent.ftl"
2019-02-17 11:40:03,283 DEBUG [main] cache:45 - Couldn't find template in cache for "Extent.ftl"("en_IN", UTF-8, parsed); will try to load it.
2019-02-17 11:40:03,285 DEBUG [main] cache:45 - TemplateLoader.findTemplateSource("Extent_en_IN.ftl"): Not found
2019-02-17 11:40:03,288 DEBUG [main] cache:45 - TemplateLoader.findTemplateSource("Extent_en.ftl"): Not found
2019-02-17 11:40:03,291 DEBUG [main] cache:45 - TemplateLoader.findTemplateSource("Extent.ftl"): Found
2019-02-17 11:40:03,292 DEBUG [main] cache:45 - Loading template for "Extent.ftl"("en_IN", UTF-8, parsed) from "jar:file:/C:/Users/HP/.m2/repository/com/relevantcodes/extentreports/2.41.2/extentreports-2.41.2.jar!/com/relevantcodes/extentreports/view/Extent.ftl"
2019-02-17 11:41:03,683  INFO [TestNG-tests-1] LoginPageTest:32 - browserLaunch
2019-02-17 11:41:27,158  INFO [TestNG-tests-1] LoginPageTest:32 - browserLaunch
2019-02-17 11:42:04,337  INFO [TestNG-tests-1] LoginPageTest:32 - browserLaunch
2019-02-17 11:42:23,045  INFO [TestNG-tests-1] LoginPageTest:32 - browserLaunch
2019-02-17 11:42:43,149  INFO [TestNG-tests-1] LoginPageTest:32 - browserLaunch
2019-02-17 11:42:51,310  INFO [TestNG-tests-1] LoginPageTest:85 - testCase
2019-02-17 11:44:49,691 DEBUG [main] cache:45 - Couldn't find template in cache for "Extent.ftl"("en_IN", UTF-8, parsed); will try to load it.
2019-02-17 11:44:49,692 DEBUG [main] cache:45 - TemplateLoader.findTemplateSource("Extent_en_IN.ftl"): Not found
2019-02-17 11:44:49,694 DEBUG [main] cache:45 - TemplateLoader.findTemplateSource("Extent_en.ftl"): Not found
2019-02-17 11:44:49,695 DEBUG [main] cache:45 - TemplateLoader.findTemplateSource("Extent.ftl"): Found
2019-02-17 11:44:49,696 DEBUG [main] cache:45 - Loading template for "Extent.ftl"("en_IN", UTF-8, parsed) from "jar:file:/C:/Users/HP/.m2/repository/com/relevantcodes/extentreports/2.41.2/extentreports-2.41.2.jar!/com/relevantcodes/extentreports/view/Extent.ftl"
2019-02-17 11:44:50,126 DEBUG [main] cache:45 - Couldn't find template in cache for "Extent.ftl"("en_IN", UTF-8, parsed); will try to load it.
2019-02-17 11:44:50,127 DEBUG [main] cache:45 - TemplateLoader.findTemplateSource("Extent_en_IN.ftl"): Not found
2019-02-17 11:44:50,128 DEBUG [main] cache:45 - TemplateLoader.findTemplateSource("Extent_en.ftl"): Not found
2019-02-17 11:44:50,128 DEBUG [main] cache:45 - TemplateLoader.findTemplateSource("Extent.ftl"): Found
2019-02-17 11:44:50,129 DEBUG [main] cache:45 - Loading template for "Extent.ftl"("en_IN", UTF-8, parsed) from "jar:file:/C:/Users/HP/.m2/repository/com/relevantcodes/extentreports/2.41.2/extentreports-2.41.2.jar!/com/relevantcodes/extentreports/view/Extent.ftl"
